2021-12-06 14:56:19.639596: W tensorflow/stream_executor/platform/default/dso_loader.cc:64] Could not load dynamic library 'libcudart.so.11.0'; dlerror: libcudart.so.11.0: cannot open shared object file: No such file or directory
2021-12-06 14:56:19.639655: I tensorflow/stream_executor/cuda/cudart_stub.cc:29] Ignore above cudart dlerror if you do not have a GPU set up on your machine.
reading images ../data/animals.csv
reading labels ../data/animals_labels.csv
reading image 1
reading image 2
reading image 3
reading image 4
reading image 5
reading image 6
reading image 7
reading image 8
reading image 9
reading image 10
reading image 11
reading image 12
reading image 13
reading image 14
reading image 15
reading image 16
reading image 17
reading image 18
reading image 19
reading image 20
reading image 21
reading image 22
reading image 23
reading image 24
reading image 25
reading image 26
reading image 27
reading image 28
reading image 29
reading image 30
reading image 31
reading image 32
reading image 33
reading image 34
reading image 35
reading image 36
reading image 37
reading image 38
reading image 39
reading image 40
reading image 41
reading image 42
reading image 43
reading image 44
reading image 45
reading image 46
reading image 47
reading image 48
reading image 49
reading image 50
reading image 51
reading image 52
reading image 53
reading image 54
reading image 55
reading image 56
reading image 57
reading image 58
reading image 59
reading image 60
reading image 61
reading image 62
reading image 63
reading image 64
reading image 65
reading image 66
reading image 67
reading image 68
reading image 69
reading image 70
reading image 71
reading image 72
reading image 73
reading image 74
reading image 75
reading image 76
reading image 77
reading image 78
reading image 79
reading image 80
reading image 81
reading image 82
reading image 83
reading image 84
reading image 85
reading image 86
reading image 87
reading image 88
reading image 89
reading image 90
reading image 91
reading image 92
reading image 93
reading image 94
reading image 95
reading image 96
reading image 97
reading image 98
reading image 99
reading image 100
reading image 101
reading image 102
reading image 103
reading image 104
reading image 105
reading image 106
reading image 107
reading image 108
reading image 109
reading image 110
reading image 111
reading image 112
reading image 113
reading image 114
reading image 115
reading image 116
reading image 117
reading image 118
reading image 119
reading image 120
reading image 121
reading image 122
reading image 123
reading image 124
reading image 125
reading image 126
reading image 127
reading image 128
reading image 129
reading image 130
reading image 131
reading image 132
reading image 133
reading image 134
reading image 135
reading image 136
reading image 137
reading image 138
reading image 139
reading image 140
reading image 141
reading image 142
reading image 143
reading image 144
reading image 145
reading image 146
reading image 147
reading image 148
reading image 149
reading image 150
reading image 151
reading image 152
reading image 153
reading image 154
reading image 155
reading image 156
reading image 157
reading image 158
reading image 159
reading image 160
reading image 161
reading image 162
reading image 163
reading image 164
reading image 165
reading image 166
reading image 167
reading image 168
reading image 169
reading image 170
reading image 171
reading image 172
reading image 173
reading image 174
reading image 175
reading image 176
reading image 177
reading image 178
reading image 179
reading image 180
reading image 181
reading image 182
reading image 183
reading image 184
reading image 185
reading image 186
reading image 187
reading image 188
reading image 189
reading image 190
reading image 191
reading image 192
reading image 193
reading image 194
reading image 195
reading image 196
reading image 197
reading image 198
reading image 199
reading image 200
reading image 201
reading image 202
reading image 203
reading image 204
reading image 205
reading image 206
reading image 207
reading image 208
reading image 209
reading image 210
reading image 211
reading image 212
reading image 213
reading image 214
reading image 215
reading image 216
reading image 217
reading image 218
reading image 219
reading image 220
reading image 221
reading image 222
reading image 223
reading image 224
reading image 225
reading image 226
reading image 227
reading image 228
reading image 229
reading image 230
reading image 231
reading image 232
reading image 233
reading image 234
reading image 235
reading image 236
reading image 237
reading image 238
reading image 239
reading image 240
reading image 241
reading image 242
reading image 243
reading image 244
reading image 245
reading image 246
reading image 247
reading image 248
reading image 249
reading image 250
reading image 251
reading image 252
reading image 253
reading image 254
reading image 255
reading image 256
reading image 257
reading image 258
reading image 259
reading image 260
reading image 261
reading image 262
reading image 263
reading image 264
reading image 265
reading image 266
reading image 267
reading image 268
reading image 269
reading image 270
reading image 271
reading image 272
reading image 273
reading image 274
reading image 275
reading image 276
reading image 277
reading image 278
reading image 279
reading image 280
reading image 281
reading image 282
reading image 283
reading image 284
reading image 285
reading image 286
reading image 287
reading image 288
reading image 289
reading image 290
reading image 291
reading image 292
reading image 293
reading image 294
reading image 295
reading image 296
reading image 297
reading image 298
reading image 299
reading image 300
reading image 301
reading image 302
reading image 303
reading image 304
reading image 305
reading image 306
reading image 307
reading image 308
reading image 309
reading image 310
reading image 311
reading image 312
reading image 313
reading image 314
reading image 315
reading image 316
reading image 317
reading image 318
reading image 319
reading image 320
reading image 321
reading image 322
reading image 323
reading image 324
reading image 325
reading image 326
reading image 327
reading image 328
reading image 329
reading image 330
reading image 331
reading image 332
reading image 333
reading image 334
reading image 335
reading image 336
reading image 337
reading image 338
reading image 339
reading image 340
reading image 341
reading image 342
reading image 343
reading image 344
reading image 345
reading image 346
reading image 347
reading image 348
reading image 349
reading image 350
reading image 351
reading image 352
reading image 353
reading image 354
reading image 355
reading image 356
reading image 357
reading image 358
reading image 359
reading image 360
reading image 361
reading image 362
reading image 363
reading image 364
reading image 365
reading image 366
reading image 367
reading image 368
reading image 369
reading image 370
reading image 371
reading image 372
reading image 373
reading image 374
reading image 375
reading image 376
reading image 377
reading image 378
reading image 379
reading image 380
reading image 381
reading image 382
reading image 383
reading image 384
reading image 385
reading image 386
reading image 387
reading image 388
reading image 389
reading image 390
reading image 391
reading image 392
reading image 393
reading image 394
reading image 395
reading image 396
reading image 397
reading image 398
reading image 399
reading image 400
reading image 401
reading image 402
reading image 403
reading image 404
reading image 405
reading image 406
reading image 407
reading image 408
reading image 409
reading image 410
reading image 411
reading image 412
reading image 413
reading image 414
reading image 415
reading image 416
reading image 417
reading image 418
reading image 419
reading image 420
reading image 421
reading image 422
reading image 423
reading image 424
reading image 425
reading image 426
reading image 427
reading image 428
reading image 429
reading image 430
reading image 431
reading image 432
reading image 433
reading image 434
reading image 435
reading image 436
reading image 437
reading image 438
reading image 439
reading image 440
reading image 441
reading image 442
reading image 443
reading image 444
reading image 445
reading image 446
reading image 447
reading image 448
reading image 449
reading image 450
reading image 451
reading image 452
reading image 453
reading image 454
reading image 455
reading image 456
reading image 457
reading image 458
reading image 459
reading image 460
reading image 461
reading image 462
reading image 463
reading image 464
reading image 465
reading image 466
reading image 467
reading image 468
reading image 469
reading image 470
reading image 471
reading image 472
reading image 473
reading image 474
reading image 475
reading image 476
reading image 477
reading image 478
reading image 479
reading image 480
reading image 481
reading image 482
reading image 483
reading image 484
reading image 485
reading image 486
reading image 487
reading image 488
reading image 489
reading image 490
reading image 491
reading image 492
reading image 493
reading image 494
reading image 495
reading image 496
reading image 497
reading image 498
reading image 499
reading image 500
reading image 501
reading image 502
reading image 503
reading image 504
reading image 505
reading image 506
reading image 507
reading image 508
reading image 509
reading image 510
reading image 511
reading image 512
reading image 513
reading image 514
reading image 515
reading image 516
reading image 517
reading image 518
reading image 519
reading image 520
reading image 521
reading image 522
reading image 523
reading image 524
reading image 525
reading image 526
reading image 527
reading image 528
reading image 529
reading image 530
reading image 531
reading image 532
reading image 533
reading image 534
reading image 535
reading image 536
reading image 537
reading image 538
reading image 539
reading image 540
reading image 541
reading image 542
reading image 543
reading image 544
reading image 545
reading image 546
reading image 547
reading image 548
reading image 549
reading image 550
reading image 551
reading image 552
reading image 553
reading image 554
reading image 555
reading image 556
reading image 557
reading image 558
reading image 559
reading image 560
reading image 561
reading image 562
reading image 563
reading image 564
reading image 565
reading image 566
reading image 567
reading image 568
reading image 569
reading image 570
reading image 571
reading image 572
reading image 573
reading image 574
reading image 575
reading image 576
reading image 577
reading image 578
reading image 579
reading image 580
reading image 581
reading image 582
reading image 583
reading image 584
reading image 585
reading image 586
reading image 587
reading image 588
reading image 589
reading image 590
reading image 591
reading image 592
reading image 593
reading image 594
reading image 595
reading image 596
reading image 597
reading image 598
reading image 599
reading image 600
reading image 601
reading image 602
reading image 603
reading image 604
reading image 605
reading image 606
reading image 607
reading image 608
reading image 609
reading image 610
reading image 611
reading image 612
reading image 613
reading image 614
reading image 615
reading image 616
reading image 617
reading image 618
reading image 619
reading image 620
reading image 621
reading image 622
reading image 623
reading image 624
reading image 625
reading image 626
reading image 627
reading image 628
reading image 629
reading image 630
reading image 631
reading image 632
reading image 633
reading image 634
reading image 635
reading image 636
reading image 637
reading image 638
reading image 639
reading image 640
reading image 641
reading image 642
reading image 643
reading image 644
reading image 645
reading image 646
reading image 647
reading image 648
reading image 649
reading image 650
reading image 651
reading image 652
reading image 653
reading image 654
reading image 655
reading image 656
reading image 657
reading image 658
reading image 659
reading image 660
reading image 661
reading image 662
reading image 663
reading image 664
reading image 665
reading image 666
reading image 667
reading image 668
reading image 669
reading image 670
reading image 671
reading image 672
reading image 673
reading image 674
reading image 675
reading image 676
reading image 677
reading image 678
reading image 679
reading image 680
reading image 681
reading image 682
reading image 683
reading image 684
reading image 685
reading image 686
reading image 687
reading image 688
reading image 689
reading image 690
reading image 691
reading image 692
reading image 693
reading image 694
reading image 695
reading image 696
reading image 697
reading image 698
reading image 699
reading image 700
reading image 701
reading image 702
reading image 703
reading image 704
reading image 705
reading image 706
reading image 707
reading image 708
reading image 709
reading image 710
reading image 711
reading image 712
reading image 713
reading image 714
reading image 715
reading image 716
reading image 717
reading image 718
reading image 719
reading image 720
reading image 721
reading image 722
reading image 723
reading image 724
reading image 725
reading image 726
reading image 727
reading image 728
reading image 729
reading image 730
reading image 731
reading image 732
reading image 733
reading image 734
reading image 735
reading image 736
reading image 737
reading image 738
reading image 739
reading image 740
reading image 741
reading image 742
reading image 743
reading image 744
reading image 745
reading image 746
reading image 747
reading image 748
reading image 749
reading image 750
reading image 751
reading image 752
reading image 753
reading image 754
reading image 755
reading image 756
reading image 757
reading image 758
reading image 759
reading image 760
reading image 761
reading image 762
reading image 763
reading image 764
reading image 765
reading image 766
reading image 767
reading image 768
reading image 769
reading image 770
reading image 771
reading image 772
reading image 773
reading image 774
reading image 775
reading image 776
reading image 777
reading image 778
reading image 779
reading image 780
reading image 781
reading image 782
reading image 783
reading image 784
reading image 785
reading image 786
reading image 787
reading image 788
reading image 789
reading image 790
reading image 791
reading image 792
reading image 793
reading image 794
reading image 795
reading image 796
reading image 797
reading image 798
reading image 799
reading image 800
reading image 801
reading image 802
reading image 803
reading image 804
reading image 805
reading image 806
reading image 807
reading image 808
reading image 809
reading image 810
reading image 811
reading image 812
reading image 813
reading image 814
reading image 815
reading image 816
reading image 817
reading image 818
reading image 819
reading image 820
reading image 821
reading image 822
reading image 823
reading image 824
reading image 825
reading image 826
reading image 827
reading image 828
reading image 829
reading image 830
reading image 831
reading image 832
reading image 833
reading image 834
reading image 835
reading image 836
reading image 837
reading image 838
reading image 839
reading image 840
reading image 841
reading image 842
reading image 843
reading image 844
reading image 845
reading image 846
reading image 847
reading image 848
reading image 849
reading image 850
reading image 851
reading image 852
reading image 853
reading image 854
reading image 855
reading image 856
reading image 857
reading image 858
reading image 859
reading image 860
reading image 861
reading image 862
reading image 863
reading image 864
reading image 865
reading image 866
reading image 867
reading image 868
reading image 869
reading image 870
reading image 871
reading image 872
reading image 873
reading image 874
reading image 875
reading image 876
reading image 877
reading image 878
reading image 879
reading image 880
reading image 881
reading image 882
reading image 883
reading image 884
reading image 885
reading image 886
reading image 887
reading image 888
reading image 889
reading image 890
reading image 891
reading image 892
reading image 893
reading image 894
reading image 895
reading image 896
reading image 897
reading image 898
reading image 899
reading image 900
reading image 901
reading image 902
reading image 903
reading image 904
reading image 905
reading image 906
reading image 907
reading image 908
reading image 909
reading image 910
reading image 911
reading image 912
reading image 913
reading image 914
reading image 915
reading image 916
reading image 917
reading image 918
reading image 919
reading image 920
reading image 921
reading image 922
reading image 923
reading image 924
reading image 925
reading image 926
reading image 927
reading image 928
reading image 929
reading image 930
reading image 931
reading image 932
reading image 933
reading image 934
reading image 935
reading image 936
reading image 937
reading image 938
reading image 939
reading image 940
reading image 941
reading image 942
reading image 943
reading image 944
reading image 945
reading image 946
reading image 947
reading image 948
reading image 949
reading image 950
reading image 951
reading image 952
reading image 953
reading image 954
reading image 955
reading image 956
reading image 957
reading image 958
reading image 959
reading image 960
reading image 961
reading image 962
reading image 963
reading image 964
reading image 965
reading image 966
reading image 967
reading image 968
reading image 969
reading image 970
reading image 971
reading image 972
reading image 973
reading image 974
reading image 975
reading image 976
reading image 977
reading image 978
reading image 979
reading image 980
reading image 981
reading image 982
reading image 983
reading image 984
reading image 985
reading image 986
reading image 987
reading image 988
reading image 989
reading image 990
reading image 991
reading image 992
reading image 993
reading image 994
reading image 995
reading image 996
reading image 997
reading image 998
reading image 999
reading image 1000
reading image 1001
reading image 1002
reading image 1003
reading image 1004
reading image 1005
reading image 1006
reading image 1007
reading image 1008
reading image 1009
reading image 1010
reading image 1011
reading image 1012
reading image 1013
reading image 1014
reading image 1015
reading image 1016
reading image 1017
reading image 1018
reading image 1019
reading image 1020
reading image 1021
reading image 1022
reading image 1023
reading image 1024
reading image 1025
reading image 1026
reading image 1027
reading image 1028
reading image 1029
reading image 1030
reading image 1031
reading image 1032
reading image 1033
reading image 1034
reading image 1035
reading image 1036
reading image 1037
reading image 1038
reading image 1039
reading image 1040
reading image 1041
reading image 1042
reading image 1043
reading image 1044
reading image 1045
reading image 1046
reading image 1047
reading image 1048
reading image 1049
reading image 1050
reading image 1051
reading image 1052
reading image 1053
reading image 1054
reading image 1055
reading image 1056
reading image 1057
reading image 1058
reading image 1059
reading image 1060
reading image 1061
reading image 1062
reading image 1063
reading image 1064
reading image 1065
reading image 1066
reading image 1067
reading image 1068
reading image 1069
reading image 1070
reading image 1071
reading image 1072
reading image 1073
reading image 1074
reading image 1075
reading image 1076
reading image 1077
reading image 1078
reading image 1079
reading image 1080
reading image 1081
reading image 1082
reading image 1083
reading image 1084
reading image 1085
reading image 1086
reading image 1087
reading image 1088
reading image 1089
reading image 1090
reading image 1091
reading image 1092
reading image 1093
reading image 1094
reading image 1095
reading image 1096
reading image 1097
reading image 1098
reading image 1099
reading image 1100
reading image 1101
reading image 1102
reading image 1103
reading image 1104
reading image 1105
reading image 1106
reading image 1107
reading image 1108
reading image 1109
reading image 1110
reading image 1111
reading image 1112
reading image 1113
reading image 1114
reading image 1115
reading image 1116
reading image 1117
reading image 1118
reading image 1119
reading image 1120
reading image 1121
reading image 1122
reading image 1123
reading image 1124
reading image 1125
reading image 1126
reading image 1127
reading image 1128
reading image 1129
reading image 1130
reading image 1131
reading image 1132
reading image 1133
reading image 1134
reading image 1135
reading image 1136
reading image 1137
reading image 1138
reading image 1139
reading image 1140
reading image 1141
reading image 1142
reading image 1143
reading image 1144
reading image 1145
reading image 1146
reading image 1147
reading image 1148
reading image 1149
reading image 1150
reading image 1151
reading image 1152
reading image 1153
reading image 1154
reading image 1155
reading image 1156
reading image 1157
reading image 1158
reading image 1159
reading image 1160
reading image 1161
reading image 1162
reading image 1163
reading image 1164
reading image 1165
reading image 1166
reading image 1167
reading image 1168
reading image 1169
reading image 1170
reading image 1171
reading image 1172
reading image 1173
reading image 1174
reading image 1175
reading image 1176
reading image 1177
reading image 1178
reading image 1179
reading image 1180
reading image 1181
reading image 1182
reading image 1183
reading image 1184
reading image 1185
reading image 1186
reading image 1187
reading image 1188
reading image 1189
reading image 1190
reading image 1191
reading image 1192
reading image 1193
reading image 1194
reading image 1195
reading image 1196
reading image 1197
reading image 1198
reading image 1199
reading image 1200
reading image 1201
reading image 1202
reading image 1203
reading image 1204
reading image 1205
reading image 1206
reading image 1207
reading image 1208
reading image 1209
reading image 1210
reading image 1211
reading image 1212
reading image 1213
reading image 1214
reading image 1215
reading image 1216
reading image 1217
reading image 1218
reading image 1219
reading image 1220
reading image 1221
reading image 1222
reading image 1223
reading image 1224
reading image 1225
reading image 1226
reading image 1227
reading image 1228
reading image 1229
reading image 1230
reading image 1231
reading image 1232
reading image 1233
reading image 1234
reading image 1235
reading image 1236
reading image 1237
reading image 1238
reading image 1239
reading image 1240
reading image 1241
reading image 1242
reading image 1243
reading image 1244
reading image 1245
reading image 1246
reading image 1247
reading image 1248
reading image 1249
reading image 1250
reading image 1251
reading image 1252
reading image 1253
reading image 1254
reading image 1255
reading image 1256
reading image 1257
reading image 1258
reading image 1259
reading image 1260
reading image 1261
reading image 1262
reading image 1263
reading image 1264
reading image 1265
reading image 1266
reading image 1267
reading image 1268
reading image 1269
reading image 1270
reading image 1271
reading image 1272
reading image 1273
reading image 1274
reading image 1275
reading image 1276
reading image 1277
reading image 1278
reading image 1279
reading image 1280
reading image 1281
reading image 1282
reading image 1283
reading image 1284
reading image 1285
reading image 1286
reading image 1287
reading image 1288
reading image 1289
reading image 1290
reading image 1291
reading image 1292
reading image 1293
reading image 1294
reading image 1295
reading image 1296
reading image 1297
reading image 1298
reading image 1299
reading image 1300
reading image 1301
reading image 1302
reading image 1303
reading image 1304
reading image 1305
reading image 1306
reading image 1307
reading image 1308
reading image 1309
reading image 1310
reading image 1311
reading image 1312
reading image 1313
reading image 1314
reading image 1315
reading image 1316
reading image 1317
reading image 1318
reading image 1319
reading image 1320
reading image 1321
reading image 1322
reading image 1323
reading image 1324
reading image 1325
reading image 1326
reading image 1327
reading image 1328
reading image 1329
reading image 1330
reading image 1331
reading image 1332
reading image 1333
reading image 1334
reading image 1335
reading image 1336
reading image 1337
reading image 1338
reading image 1339
reading image 1340
reading image 1341
reading image 1342
reading image 1343
reading image 1344
reading image 1345
reading image 1346
reading image 1347
reading image 1348
reading image 1349
reading image 1350
reading image 1351
reading image 1352
reading image 1353
reading image 1354
reading image 1355
reading image 1356
reading image 1357
reading image 1358
reading image 1359
reading image 1360
reading image 1361
reading image 1362
reading image 1363
reading image 1364
reading image 1365
reading image 1366
reading image 1367
reading image 1368
reading image 1369
reading image 1370
reading image 1371
reading image 1372
reading image 1373
reading image 1374
reading image 1375
reading image 1376
reading image 1377
reading image 1378
reading image 1379
reading image 1380
reading image 1381
reading image 1382
reading image 1383
reading image 1384
reading image 1385
reading image 1386
reading image 1387
reading image 1388
reading image 1389
reading image 1390
reading image 1391
reading image 1392
reading image 1393
reading image 1394
reading image 1395
reading image 1396
reading image 1397
reading image 1398
reading image 1399
reading image 1400
reading image 1401
reading image 1402
reading image 1403
reading image 1404
reading image 1405
reading image 1406
reading image 1407
reading image 1408
reading image 1409
reading image 1410
reading image 1411
reading image 1412
reading image 1413
reading image 1414
reading image 1415
reading image 1416
reading image 1417
reading image 1418
reading image 1419
reading image 1420
reading image 1421
reading image 1422
reading image 1423
reading image 1424
reading image 1425
reading image 1426
reading image 1427
reading image 1428
reading image 1429
reading image 1430
reading image 1431
reading image 1432
reading image 1433
reading image 1434
reading image 1435
reading image 1436
reading image 1437
reading image 1438
reading image 1439
reading image 1440
reading image 1441
reading image 1442
reading image 1443
reading image 1444
reading image 1445
reading image 1446
reading image 1447
reading image 1448
reading image 1449
reading image 1450
reading image 1451
reading image 1452
reading image 1453
reading image 1454
reading image 1455
reading image 1456
reading image 1457
reading image 1458
reading image 1459
reading image 1460
reading image 1461
reading image 1462
reading image 1463
reading image 1464
reading image 1465
reading image 1466
reading image 1467
reading image 1468
reading image 1469
reading image 1470
reading image 1471
reading image 1472
reading image 1473
reading image 1474
reading image 1475
reading image 1476
reading image 1477
reading image 1478
reading image 1479
reading image 1480
reading image 1481
reading image 1482
reading image 1483
reading image 1484
reading image 1485
reading image 1486
reading image 1487
reading image 1488
reading image 1489
reading image 1490
reading image 1491
reading image 1492
reading image 1493
reading image 1494
reading image 1495
reading image 1496
reading image 1497
reading image 1498
reading image 1499
reading image 1500
reading image 1501
reading image 1502
reading image 1503
reading image 1504
reading image 1505
reading image 1506
reading image 1507
reading image 1508
reading image 1509
reading image 1510
reading image 1511
reading image 1512
reading image 1513
reading image 1514
reading image 1515
reading image 1516
reading image 1517
reading image 1518
reading image 1519
reading image 1520
reading image 1521
reading image 1522
reading image 1523
reading image 1524
reading image 1525
reading image 1526
reading image 1527
reading image 1528
reading image 1529
reading image 1530
reading image 1531
reading image 1532
reading image 1533
reading image 1534
reading image 1535
reading image 1536
reading image 1537
reading image 1538
reading image 1539
reading image 1540
reading image 1541
reading image 1542
reading image 1543
reading image 1544
reading image 1545
reading image 1546
reading image 1547
reading image 1548
reading image 1549
reading image 1550
reading image 1551
reading image 1552
reading image 1553
reading image 1554
reading image 1555
reading image 1556
reading image 1557
reading image 1558
reading image 1559
reading image 1560
reading image 1561
reading image 1562
reading image 1563
reading image 1564
reading image 1565
reading image 1566
reading image 1567
reading image 1568
reading image 1569
reading image 1570
reading image 1571
reading image 1572
reading image 1573
reading image 1574
reading image 1575
reading image 1576
reading image 1577
reading image 1578
reading image 1579
reading image 1580
reading image 1581
reading image 1582
reading image 1583
reading image 1584
reading image 1585
reading image 1586
reading image 1587
reading image 1588
reading image 1589
reading image 1590
reading image 1591
reading image 1592
reading image 1593
reading image 1594
reading image 1595
reading image 1596
reading image 1597
reading image 1598
reading image 1599
reading image 1600
reading image 1601
reading image 1602
reading image 1603
reading image 1604
reading image 1605
reading image 1606
reading image 1607
reading image 1608
reading image 1609
reading image 1610
reading image 1611
reading image 1612
reading image 1613
reading image 1614
reading image 1615
reading image 1616
reading image 1617
reading image 1618
reading image 1619
reading image 1620
reading image 1621
reading image 1622
reading image 1623
reading image 1624
reading image 1625
reading image 1626
reading image 1627
reading image 1628
reading image 1629
reading image 1630
reading image 1631
reading image 1632
reading image 1633
reading image 1634
reading image 1635
reading image 1636
reading image 1637
reading image 1638
reading image 1639
reading image 1640
reading image 1641
reading image 1642
reading image 1643
reading image 1644
reading image 1645
reading image 1646
reading image 1647
reading image 1648
reading image 1649
reading image 1650
reading image 1651
reading image 1652
reading image 1653
reading image 1654
reading image 1655
reading image 1656
reading image 1657
reading image 1658
reading image 1659
reading image 1660
reading image 1661
reading image 1662
reading image 1663
reading image 1664
reading image 1665
reading image 1666
reading image 1667
reading image 1668
reading image 1669
reading image 1670
reading image 1671
reading image 1672
reading image 1673
reading image 1674
reading image 1675
reading image 1676
reading image 1677
reading image 1678
reading image 1679
reading image 1680
reading image 1681
reading image 1682
reading image 1683
reading image 1684
reading image 1685
reading image 1686
reading image 1687
reading image 1688
reading image 1689
reading image 1690
reading image 1691
reading image 1692
reading image 1693
reading image 1694
reading image 1695
reading image 1696
reading image 1697
reading image 1698
reading image 1699
reading image 1700
reading image 1701
reading image 1702
reading image 1703
reading image 1704
reading image 1705
reading image 1706
reading image 1707
reading image 1708
reading image 1709
reading image 1710
reading image 1711
reading image 1712
reading image 1713
reading image 1714
reading image 1715
reading image 1716
reading image 1717
reading image 1718
reading image 1719
reading image 1720
reading image 1721
reading image 1722
reading image 1723
reading image 1724
reading image 1725
reading image 1726
reading image 1727
reading image 1728
reading image 1729
reading image 1730
reading image 1731
reading image 1732
reading image 1733
reading image 1734
reading image 1735
reading image 1736
reading image 1737
reading image 1738
reading image 1739
reading image 1740
reading image 1741
reading image 1742
reading image 1743
reading image 1744
reading image 1745
reading image 1746
reading image 1747
reading image 1748
reading image 1749
reading image 1750
reading image 1751
reading image 1752
reading image 1753
reading image 1754
reading image 1755
reading image 1756
reading image 1757
reading image 1758
reading image 1759
reading image 1760
reading image 1761
reading image 1762
reading image 1763
reading image 1764
reading image 1765
reading image 1766
reading image 1767
reading image 1768
reading image 1769
reading image 1770
reading image 1771
reading image 1772
reading image 1773
reading image 1774
reading image 1775
reading image 1776
reading image 1777
reading image 1778
reading image 1779
reading image 1780
reading image 1781
reading image 1782
reading image 1783
reading image 1784
reading image 1785
reading image 1786
reading image 1787
reading image 1788
reading image 1789
reading image 1790
reading image 1791
reading image 1792
reading image 1793
reading image 1794
reading image 1795
reading image 1796
reading image 1797
reading image 1798
reading image 1799
reading image 1800
reading image 1801
reading image 1802
reading image 1803
reading image 1804
reading image 1805
reading image 1806
reading image 1807
reading image 1808
reading image 1809
reading image 1810
reading image 1811
reading image 1812
reading image 1813
reading image 1814
reading image 1815
reading image 1816
reading image 1817
reading image 1818
reading image 1819
reading image 1820
reading image 1821
reading image 1822
reading image 1823
reading image 1824
reading image 1825
reading image 1826
reading image 1827
reading image 1828
reading image 1829
reading image 1830
reading image 1831
reading image 1832
reading image 1833
reading image 1834
reading image 1835
reading image 1836
reading image 1837
reading image 1838
reading image 1839
reading image 1840
reading image 1841
reading image 1842
reading image 1843
reading image 1844
reading image 1845
reading image 1846
reading image 1847
reading image 1848
reading image 1849
reading image 1850
reading image 1851
reading image 1852
reading image 1853
reading image 1854
reading image 1855
reading image 1856
reading image 1857
reading image 1858
reading image 1859
reading image 1860
reading image 1861
reading image 1862
reading image 1863
reading image 1864
reading image 1865
reading image 1866
reading image 1867
reading image 1868
reading image 1869
reading image 1870
reading image 1871
reading image 1872
reading image 1873
reading image 1874
reading image 1875
reading image 1876
reading image 1877
reading image 1878
reading image 1879
reading image 1880
reading image 1881
reading image 1882
reading image 1883
reading image 1884
reading image 1885
reading image 1886
reading image 1887
reading image 1888
reading image 1889
reading image 1890
reading image 1891
reading image 1892
reading image 1893
reading image 1894
reading image 1895
reading image 1896
reading image 1897
reading image 1898
reading image 1899
reading image 1900
reading image 1901
reading image 1902
reading image 1903
reading image 1904
reading image 1905
reading image 1906
reading image 1907
reading image 1908
reading image 1909
reading image 1910
reading image 1911
reading image 1912
reading image 1913
reading image 1914
reading image 1915
reading image 1916
reading image 1917
reading image 1918
reading image 1919
reading image 1920
reading image 1921
reading image 1922
reading image 1923
reading image 1924
reading image 1925
reading image 1926
reading image 1927
reading image 1928
reading image 1929
reading image 1930
reading image 1931
reading image 1932
reading image 1933
reading image 1934
reading image 1935
reading image 1936
reading image 1937
reading image 1938
reading image 1939
reading image 1940
reading image 1941
reading image 1942
reading image 1943
reading image 1944
reading image 1945
reading image 1946
reading image 1947
reading image 1948
reading image 1949
reading image 1950
reading image 1951
reading image 1952
reading image 1953
reading image 1954
reading image 1955
reading image 1956
reading image 1957
reading image 1958
reading image 1959
reading image 1960
reading image 1961
reading image 1962
reading image 1963
reading image 1964
reading image 1965
reading image 1966
reading image 1967
reading image 1968
reading image 1969
reading image 1970
reading image 1971
reading image 1972
reading image 1973
reading image 1974
reading image 1975
reading image 1976
reading image 1977
reading image 1978
reading image 1979
reading image 1980
reading image 1981
reading image 1982
reading image 1983
reading image 1984
reading image 1985
reading image 1986
reading image 1987
reading image 1988
reading image 1989
reading image 1990
reading image 1991
reading image 1992
reading image 1993
reading image 1994
reading image 1995
reading image 1996
reading image 1997
reading image 1998
reading image 1999
reading image 2000
reading image 2001
reading image 2002
reading image 2003
reading image 2004
reading image 2005
reading image 2006
reading image 2007
reading image 2008
reading image 2009
reading image 2010
reading image 2011
reading image 2012
reading image 2013
reading image 2014
reading image 2015
reading image 2016
reading image 2017
reading image 2018
reading image 2019
reading image 2020
reading image 2021
reading image 2022
reading image 2023
reading image 2024
reading image 2025
reading image 2026
reading image 2027
reading image 2028
reading image 2029
reading image 2030
reading image 2031
reading image 2032
reading image 2033
reading image 2034
reading image 2035
reading image 2036
reading image 2037
reading image 2038
reading image 2039
reading image 2040
reading image 2041
reading image 2042
reading image 2043
reading image 2044
reading image 2045
reading image 2046
reading image 2047
reading image 2048
reading image 2049
reading image 2050
reading image 2051
reading image 2052
reading image 2053
reading image 2054
reading image 2055
reading image 2056
reading image 2057
reading image 2058
reading image 2059
reading image 2060
reading image 2061
reading image 2062
reading image 2063
reading image 2064
reading image 2065
reading image 2066
reading image 2067
reading image 2068
reading image 2069
reading image 2070
reading image 2071
reading image 2072
reading image 2073
reading image 2074
reading image 2075
reading image 2076
reading image 2077
reading image 2078
reading image 2079
reading image 2080
reading image 2081
reading image 2082
reading image 2083
reading image 2084
reading image 2085
reading image 2086
reading image 2087
reading image 2088
reading image 2089
reading image 2090
reading image 2091
reading image 2092
reading image 2093
reading image 2094
reading image 2095
reading image 2096
reading image 2097
reading image 2098
reading image 2099
reading image 2100
reading image 2101
reading image 2102
reading image 2103
reading image 2104
reading image 2105
reading image 2106
reading image 2107
reading image 2108
reading image 2109
reading image 2110
reading image 2111
reading image 2112
reading image 2113
reading image 2114
reading image 2115
reading image 2116
reading image 2117
reading image 2118
reading image 2119
reading image 2120
reading image 2121
reading image 2122
reading image 2123
reading image 2124
reading image 2125
reading image 2126
reading image 2127
reading image 2128
reading image 2129
reading image 2130
reading image 2131
reading image 2132
reading image 2133
reading image 2134
reading image 2135
reading image 2136
reading image 2137
reading image 2138
reading image 2139
reading image 2140
reading image 2141
reading image 2142
reading image 2143
reading image 2144
reading image 2145
reading image 2146
reading image 2147
reading image 2148
reading image 2149
reading image 2150
reading image 2151
reading image 2152
reading image 2153
reading image 2154
reading image 2155
reading image 2156
reading image 2157
reading image 2158
reading image 2159
reading image 2160
reading image 2161
reading image 2162
reading image 2163
reading image 2164
reading image 2165
reading image 2166
reading image 2167
reading image 2168
reading image 2169
reading image 2170
reading image 2171
reading image 2172
reading image 2173
reading image 2174
reading image 2175
reading image 2176
reading image 2177
reading image 2178
reading image 2179
reading image 2180
reading image 2181
reading image 2182
reading image 2183
reading image 2184
reading image 2185
reading image 2186
reading image 2187
reading image 2188
reading image 2189
reading image 2190
reading image 2191
reading image 2192
reading image 2193
reading image 2194
reading image 2195
reading image 2196
reading image 2197
reading image 2198
reading image 2199
reading image 2200
reading image 2201
reading image 2202
reading image 2203
reading image 2204
reading image 2205
reading image 2206
reading image 2207
reading image 2208
reading image 2209
reading image 2210
reading image 2211
reading image 2212
reading image 2213
reading image 2214
reading image 2215
reading image 2216
reading image 2217
reading image 2218
reading image 2219
reading image 2220
reading image 2221
reading image 2222
reading image 2223
reading image 2224
reading image 2225
reading image 2226
reading image 2227
reading image 2228
reading image 2229
reading image 2230
reading image 2231
reading image 2232
reading image 2233
reading image 2234
reading image 2235
reading image 2236
reading image 2237
reading image 2238
reading image 2239
reading image 2240
reading image 2241
reading image 2242
reading image 2243
reading image 2244
reading image 2245
reading image 2246
reading image 2247
reading image 2248
reading image 2249
reading image 2250
reading image 2251
reading image 2252
reading image 2253
reading image 2254
reading image 2255
reading image 2256
reading image 2257
reading image 2258
reading image 2259
reading image 2260
reading image 2261
reading image 2262
reading image 2263
reading image 2264
reading image 2265
reading image 2266
reading image 2267
reading image 2268
reading image 2269
reading image 2270
reading image 2271
reading image 2272
reading image 2273
reading image 2274
reading image 2275
reading image 2276
reading image 2277
reading image 2278
reading image 2279
reading image 2280
reading image 2281
reading image 2282
reading image 2283
reading image 2284
reading image 2285
reading image 2286
reading image 2287
reading image 2288
reading image 2289
reading image 2290
reading image 2291
reading image 2292
reading image 2293
reading image 2294
reading image 2295
reading image 2296
reading image 2297
reading image 2298
reading image 2299
reading image 2300
reading image 2301
reading image 2302
reading image 2303
reading image 2304
reading image 2305
reading image 2306
reading image 2307
reading image 2308
reading image 2309
reading image 2310
reading image 2311
reading image 2312
reading image 2313
reading image 2314
reading image 2315
reading image 2316
reading image 2317
reading image 2318
reading image 2319
reading image 2320
reading image 2321
reading image 2322
reading image 2323
reading image 2324
reading image 2325
reading image 2326
reading image 2327
reading image 2328
reading image 2329
reading image 2330
reading image 2331
reading image 2332
reading image 2333
reading image 2334
reading image 2335
reading image 2336
reading image 2337
reading image 2338
reading image 2339
reading image 2340
reading image 2341
reading image 2342
reading image 2343
reading image 2344
reading image 2345
reading image 2346
reading image 2347
reading image 2348
reading image 2349
reading image 2350
reading image 2351
reading image 2352
reading image 2353
reading image 2354
reading image 2355
reading image 2356
reading image 2357
reading image 2358
reading image 2359
reading image 2360
reading image 2361
reading image 2362
reading image 2363
reading image 2364
reading image 2365
reading image 2366
reading image 2367
reading image 2368
reading image 2369
reading image 2370
reading image 2371
reading image 2372
reading image 2373
reading image 2374
reading image 2375
reading image 2376
reading image 2377
reading image 2378
reading image 2379
reading image 2380
reading image 2381
reading image 2382
reading image 2383
reading image 2384
reading image 2385
reading image 2386
reading image 2387
reading image 2388
reading image 2389
reading image 2390
reading image 2391
reading image 2392
reading image 2393
reading image 2394
reading image 2395
reading image 2396
reading image 2397
reading image 2398
reading image 2399
reading image 2400
reading image 2401
reading image 2402
reading image 2403
reading image 2404
reading image 2405
reading image 2406
reading image 2407
reading image 2408
reading image 2409
reading image 2410
reading image 2411
reading image 2412
reading image 2413
reading image 2414
reading image 2415
reading image 2416
reading image 2417
reading image 2418
reading image 2419
reading image 2420
reading image 2421
reading image 2422
reading image 2423
reading image 2424
reading image 2425
reading image 2426
reading image 2427
reading image 2428
reading image 2429
reading image 2430
reading image 2431
reading image 2432
reading image 2433
reading image 2434
reading image 2435
reading image 2436
reading image 2437
reading image 2438
reading image 2439
reading image 2440
reading image 2441
reading image 2442
reading image 2443
reading image 2444
reading image 2445
reading image 2446
reading image 2447
reading image 2448
reading image 2449
reading image 2450
reading image 2451
reading image 2452
reading image 2453
reading image 2454
reading image 2455
reading image 2456
reading image 2457
reading image 2458
reading image 2459
reading image 2460
reading image 2461
reading image 2462
reading image 2463
reading image 2464
reading image 2465
reading image 2466
reading image 2467
reading image 2468
reading image 2469
reading image 2470
reading image 2471
reading image 2472
reading image 2473
reading image 2474
reading image 2475
reading image 2476
reading image 2477
reading image 2478
reading image 2479
reading image 2480
reading image 2481
reading image 2482
reading image 2483
reading image 2484
reading image 2485
reading image 2486
reading image 2487
reading image 2488
reading image 2489
reading image 2490
reading image 2491
reading image 2492
reading image 2493
reading image 2494
reading image 2495
reading image 2496
reading image 2497
reading image 2498
reading image 2499
reading image 2500
reading image 2501
reading image 2502
reading image 2503
reading image 2504
reading image 2505
reading image 2506
reading image 2507
reading image 2508
reading image 2509
reading image 2510
reading image 2511
reading image 2512
reading image 2513
reading image 2514
reading image 2515
reading image 2516
reading image 2517
reading image 2518
reading image 2519
reading image 2520
reading image 2521
reading image 2522
reading image 2523
reading image 2524
reading image 2525
reading image 2526
reading image 2527
reading image 2528
reading image 2529
reading image 2530
reading image 2531
reading image 2532
reading image 2533
reading image 2534
reading image 2535
reading image 2536
reading image 2537
reading image 2538
reading image 2539
reading image 2540
reading image 2541
reading image 2542
reading image 2543
reading image 2544
reading image 2545
reading image 2546
reading image 2547
reading image 2548
reading image 2549
reading image 2550
reading image 2551
reading image 2552
reading image 2553
reading image 2554
reading image 2555
reading image 2556
reading image 2557
reading image 2558
reading image 2559
reading image 2560
reading image 2561
reading image 2562
reading image 2563
reading image 2564
reading image 2565
reading image 2566
reading image 2567
reading image 2568
reading image 2569
reading image 2570
reading image 2571
reading image 2572
reading image 2573
reading image 2574
reading image 2575
reading image 2576
reading image 2577
reading image 2578
reading image 2579
reading image 2580
reading image 2581
reading image 2582
reading image 2583
reading image 2584
reading image 2585
reading image 2586
reading image 2587
reading image 2588
reading image 2589
reading image 2590
reading image 2591
reading image 2592
reading image 2593
reading image 2594
reading image 2595
reading image 2596
reading image 2597
reading image 2598
reading image 2599
reading image 2600
reading image 2601
reading image 2602
reading image 2603
reading image 2604
reading image 2605
reading image 2606
reading image 2607
reading image 2608
reading image 2609
reading image 2610
reading image 2611
reading image 2612
reading image 2613
reading image 2614
reading image 2615
reading image 2616
reading image 2617
reading image 2618
reading image 2619
reading image 2620
reading image 2621
reading image 2622
reading image 2623
reading image 2624
reading image 2625
reading image 2626
reading image 2627
reading image 2628
reading image 2629
reading image 2630
reading image 2631
reading image 2632
reading image 2633
reading image 2634
reading image 2635
reading image 2636
reading image 2637
reading image 2638
reading image 2639
reading image 2640
reading image 2641
reading image 2642
reading image 2643
reading image 2644
reading image 2645
reading image 2646
reading image 2647
reading image 2648
reading image 2649
reading image 2650
reading image 2651
reading image 2652
reading image 2653
reading image 2654
reading image 2655
reading image 2656
reading image 2657
reading image 2658
reading image 2659
reading image 2660
reading image 2661
reading image 2662
reading image 2663
reading image 2664
reading image 2665
reading image 2666
reading image 2667
reading image 2668
reading image 2669
reading image 2670
reading image 2671
reading image 2672
reading image 2673
reading image 2674
reading image 2675
reading image 2676
reading image 2677
reading image 2678
reading image 2679
reading image 2680
reading image 2681
reading image 2682
reading image 2683
reading image 2684
reading image 2685
reading image 2686
reading image 2687
reading image 2688
reading image 2689
reading image 2690
reading image 2691
reading image 2692
reading image 2693
reading image 2694
reading image 2695
reading image 2696
reading image 2697
reading image 2698
reading image 2699
reading image 2700
reading image 2701
reading image 2702
reading image 2703
reading image 2704
reading image 2705
reading image 2706
reading image 2707
reading image 2708
reading image 2709
reading image 2710
reading image 2711
reading image 2712
reading image 2713
reading image 2714
reading image 2715
reading image 2716
reading image 2717
reading image 2718
reading image 2719
reading image 2720
reading image 2721
reading image 2722
reading image 2723
reading image 2724
reading image 2725
reading image 2726
reading image 2727
reading image 2728
reading image 2729
reading image 2730
reading image 2731
reading image 2732
reading image 2733
reading image 2734
reading image 2735
reading image 2736
reading image 2737
reading image 2738
reading image 2739
reading image 2740
reading image 2741
reading image 2742
reading image 2743
reading image 2744
reading image 2745
reading image 2746
reading image 2747
reading image 2748
reading image 2749
reading image 2750
reading image 2751
reading image 2752
reading image 2753
reading image 2754
reading image 2755
reading image 2756
reading image 2757
reading image 2758
reading image 2759
reading image 2760
reading image 2761
reading image 2762
reading image 2763
reading image 2764
reading image 2765
reading image 2766
reading image 2767
reading image 2768
reading image 2769
reading image 2770
reading image 2771
reading image 2772
reading image 2773
reading image 2774
reading image 2775
reading image 2776
reading image 2777
reading image 2778
reading image 2779
reading image 2780
reading image 2781
reading image 2782
reading image 2783
reading image 2784
reading image 2785
reading image 2786
reading image 2787
reading image 2788
reading image 2789
reading image 2790
reading image 2791
reading image 2792
reading image 2793
reading image 2794
reading image 2795
reading image 2796
reading image 2797
reading image 2798
reading image 2799
reading image 2800
reading image 2801
reading image 2802
reading image 2803
reading image 2804
reading image 2805
reading image 2806
reading image 2807
reading image 2808
reading image 2809
reading image 2810
reading image 2811
reading image 2812
reading image 2813
reading image 2814
reading image 2815
reading image 2816
reading image 2817
reading image 2818
reading image 2819
reading image 2820
reading image 2821
reading image 2822
reading image 2823
reading image 2824
reading image 2825
reading image 2826
reading image 2827
reading image 2828
reading image 2829
reading image 2830
reading image 2831
reading image 2832
reading image 2833
reading image 2834
reading image 2835
reading image 2836
reading image 2837
reading image 2838
reading image 2839
reading image 2840
reading image 2841
reading image 2842
reading image 2843
reading image 2844
reading image 2845
reading image 2846
reading image 2847
reading image 2848
reading image 2849
reading image 2850
reading image 2851
reading image 2852
reading image 2853
reading image 2854
reading image 2855
reading image 2856
reading image 2857
reading image 2858
reading image 2859
reading image 2860
reading image 2861
reading image 2862
reading image 2863
reading image 2864
reading image 2865
reading image 2866
reading image 2867
reading image 2868
reading image 2869
reading image 2870
reading image 2871
reading image 2872
reading image 2873
reading image 2874
reading image 2875
reading image 2876
reading image 2877
reading image 2878
reading image 2879
reading image 2880
reading image 2881
reading image 2882
reading image 2883
reading image 2884
reading image 2885
reading image 2886
reading image 2887
reading image 2888
reading image 2889
reading image 2890
reading image 2891
reading image 2892
reading image 2893
reading image 2894
reading image 2895
reading image 2896
reading image 2897
reading image 2898
reading image 2899
reading image 2900
reading image 2901
reading image 2902
reading image 2903
reading image 2904
reading image 2905
reading image 2906
reading image 2907
reading image 2908
reading image 2909
reading image 2910
reading image 2911
reading image 2912
reading image 2913
reading image 2914
reading image 2915
reading image 2916
reading image 2917
reading image 2918
reading image 2919
reading image 2920
reading image 2921
reading image 2922
reading image 2923
reading image 2924
reading image 2925
reading image 2926
reading image 2927
reading image 2928
reading image 2929
reading image 2930
reading image 2931
reading image 2932
reading image 2933
reading image 2934
reading image 2935
reading image 2936
reading image 2937
reading image 2938
reading image 2939
reading image 2940
reading image 2941
reading image 2942
reading image 2943
reading image 2944
reading image 2945
reading image 2946
reading image 2947
reading image 2948
reading image 2949
reading image 2950
reading image 2951
reading image 2952
reading image 2953
reading image 2954
reading image 2955
reading image 2956
reading image 2957
reading image 2958
reading image 2959
reading image 2960
reading image 2961
reading image 2962
reading image 2963
reading image 2964
reading image 2965
reading image 2966
reading image 2967
reading image 2968
reading image 2969
reading image 2970
reading image 2971
reading image 2972
reading image 2973
reading image 2974
reading image 2975
reading image 2976
reading image 2977
reading image 2978
reading image 2979
reading image 2980
reading image 2981
reading image 2982
reading image 2983
reading image 2984
reading image 2985
reading image 2986
reading image 2987
reading image 2988
reading image 2989
reading image 2990
reading image 2991
reading image 2992
reading image 2993
(2992, 256, 256, 3)
(2992,)
2021-12-06 15:31:07.222775: W tensorflow/stream_executor/platform/default/dso_loader.cc:64] Could not load dynamic library 'libcuda.so.1'; dlerror: libcuda.so.1: cannot open shared object file: No such file or directory
2021-12-06 15:31:07.222824: W tensorflow/stream_executor/cuda/cuda_driver.cc:269] failed call to cuInit: UNKNOWN ERROR (303)
2021-12-06 15:31:07.222850: I tensorflow/stream_executor/cuda/cuda_diagnostics.cc:156] kernel driver does not appear to be running on this host (quincunx): /proc/driver/nvidia/version does not exist
2021-12-06 15:31:07.223300: I tensorflow/core/platform/cpu_feature_guard.cc:151] This TensorFlow binary is optimized with oneAPI Deep Neural Network Library (oneDNN) to use the following CPU instructions in performance-critical operations:  AVX2 FMA
To enable them in other operations, rebuild TensorFlow with the appropriate compiler flags.
2021-12-06 15:31:07.225279: W tensorflow/core/framework/cpu_allocator_impl.cc:82] Allocation of 2353004544 exceeds 10% of free system memory.
<BatchDataset shapes: ((None, 256, 256, 3), (None, 3)), types: (tf.float32, tf.float32)>
Initialized Discriminator...
Initialized Generator...
2021-12-06 15:31:08.525059: W tensorflow/core/framework/cpu_allocator_impl.cc:82] Allocation of 2353004544 exceeds 10% of free system memory.
Epoch Number 0
generator loss tf.Tensor(3.652998e-07, shape=(), dtype=float32)
discriminator loss tf.Tensor(9.181808e-05, shape=(), dtype=float32)
2021-12-06 15:44:49.379810: W tensorflow/core/framework/cpu_allocator_impl.cc:82] Allocation of 2353004544 exceeds 10% of free system memory.
Epoch Number 1
generator loss tf.Tensor(2.185886e-06, shape=(), dtype=float32)
discriminator loss tf.Tensor(1.4105687e-05, shape=(), dtype=float32)
2021-12-06 15:58:35.331843: W tensorflow/core/framework/cpu_allocator_impl.cc:82] Allocation of 2353004544 exceeds 10% of free system memory.
Epoch Number 2
generator loss tf.Tensor(2.392248e-06, shape=(), dtype=float32)
discriminator loss tf.Tensor(7.4514077e-07, shape=(), dtype=float32)
2021-12-06 16:12:12.882643: W tensorflow/core/framework/cpu_allocator_impl.cc:82] Allocation of 2353004544 exceeds 10% of free system memory.
Epoch Number 3
generator loss tf.Tensor(1.25650895e-05, shape=(), dtype=float32)
discriminator loss tf.Tensor(5.781589e-06, shape=(), dtype=float32)
Epoch Number 4
generator loss tf.Tensor(8.996472e-06, shape=(), dtype=float32)
discriminator loss tf.Tensor(6.004244e-06, shape=(), dtype=float32)
Epoch Number 5
generator loss tf.Tensor(2.0713927e-05, shape=(), dtype=float32)
discriminator loss tf.Tensor(1.4038869e-07, shape=(), dtype=float32)
Epoch Number 6
generator loss tf.Tensor(0.00014467197, shape=(), dtype=float32)
discriminator loss tf.Tensor(1.4830517e-05, shape=(), dtype=float32)
Epoch Number 7
generator loss tf.Tensor(0.00035559817, shape=(), dtype=float32)
discriminator loss tf.Tensor(7.604804e-08, shape=(), dtype=float32)
Epoch Number 8
generator loss tf.Tensor(3.4440174, shape=(), dtype=float32)
discriminator loss tf.Tensor(0.16135567, shape=(), dtype=float32)
